Some weights of EsmModel were not initialized from the model checkpoint at local_esm_model and are newly initialized: ['pooler.dense.bias', 'pooler.dense.weight']
You should probably TRAIN this model on a down-stream task to be able to use it for predictions and inference.
[KeOps] Warning : CUDA libraries not found or could not be loaded; Switching to CPU only.
✅ Found Apple Silicon GPU. Using MPS for acceleration.

--- Configuration ---
  Sequence A: d1aj3__.pdb (Chain: auto)
  Sequence B: d2spca_.pdb (Chain: auto)
  Model Path: local_esm_model
  Hyperparameters: alpha=0.9, reg_m=0.1, initial_epsilon=0.001
---------------------
STEP 1: Loading sequences...
ℹ️ No chain specified for d1aj3__.pdb, auto-selecting first available chain: 'A'
ℹ️ No chain specified for d2spca_.pdb, auto-selecting first available chain: 'A'
  - Loaded Sequence A: 98 residues.
  - Loaded Sequence B: 107 residues.

STEP 2: Loading ESM-2 model from 'local_esm_model'...

STEP 3: Generating residue embeddings...

STEP 4: Calculating matrices for FUGW solver...
  - [Matrix Stats] Feature Cost (M): Min=0.059969, Max=0.816432, Mean=0.416763, Non-Zero=10486/10486 (100.00%)
  - [Matrix Stats] Intra-Distance A (Cx): Min=0.000000, Max=1.000000, Mean=0.170103, Non-Zero=9506/9604 (98.98%)
  - [Matrix Stats] Intra-Distance B (Cy): Min=0.000000, Max=1.000000, Mean=0.169811, Non-Zero=11342/11449 (99.07%)

STEP 5: Running Fused Unbalanced Gromov-Wasserstein solver...
  - Attempt 1/6 with epsilon = 1.0e-03...
  - Solver succeeded in 0.13 seconds.
  - [Matrix Stats] Final Transport Plan (T): Min=0.000000, Max=0.009917, Mean=0.000069, Non-Zero=10486/10486 (100.00%)

STEP 6: Extracting optimal 1-to-1 assignment...

--- Raw Aligned Pairs (Before Filtering) ---
SeqA PDB Num   AA   <->   SeqB PDB Num   AA  
---------------------------------------------
10             H    <->   0              Q   
11             Q    <->   6              L   
12             F    <->   7              Y   
13             F    <->   8              M   
14             R    <->   9              R   
15             D    <->   10             D   
16             M    <->   11             C   
17             D    <->   12             E   
18             D    <->   13             L   
19             E    <->   14             A   
20             E    <->   15             E   
21             S    <->   16             S   
22             W    <->   17             W   
23             I    <->   18             M   
24             K    <->   19             S   
25             E    <->   20             A   
26             K    <->   21             R   
27             K    <->   22             E   
28             L    <->   23             A   
29             L    <->   24             F   
30             V    <->   25             L   
31             S    <->   26             N   
32             S    <->   27             A   
33             E    <->   28             D   
34             D    <->   29             D   
35             Y    <->   30             D   
36             G    <->   31             A   
37             R    <->   32             N   
38             D    <->   33             A   
39             L    <->   34             G   
40             T    <->   35             G   
41             G    <->   36             N   
42             V    <->   37             V   
43             Q    <->   38             E   
44             N    <->   39             A   
45             L    <->   40             L   
46             R    <->   41             I   
47             K    <->   42             K   
48             K    <->   43             K   
49             H    <->   44             H   
50             K    <->   45             E   
51             R    <->   46             D   
52             L    <->   47             F   
53             E    <->   48             D   
54             A    <->   49             K   
55             E    <->   50             A   
56             L    <->   51             I   
57             A    <->   52             N   
58             A    <->   53             G   
59             H    <->   54             H   
60             E    <->   55             E   
61             P    <->   56             Q   
62             A    <->   57             K   
63             I    <->   58             I   
64             Q    <->   59             A   
65             G    <->   60             A   
66             V    <->   61             L   
67             L    <->   62             Q   
68             D    <->   63             T   
69             T    <->   64             V   
70             G    <->   65             A   
71             K    <->   66             D   
72             K    <->   67             Q   
73             L    <->   68             L   
74             S    <->   69             I   
75             D    <->   70             A   
76             D    <->   71             Q   
77             N    <->   72             N   
78             T    <->   73             H   
79             I    <->   74             Y   
80             G    <->   75             A   
81             K    <->   76             S   
82             E    <->   77             N   
83             E    <->   78             L   
84             I    <->   79             V   
85             Q    <->   80             D   
86             Q    <->   81             E   
87             R    <->   82             K   
88             L    <->   83             R   
89             A    <->   84             K   
90             Q    <->   85             Q   
91             F    <->   86             V   
92             V    <->   87             L   
93             D    <->   88             E   
94             H    <->   89             R   
95             W    <->   90             W   
96             K    <->   91             R   
97             E    <->   99             E   
98             L    <->   93             L   
99             K    <->   94             K   
100            Q    <->   95             E   
101            L    <->   96             G   
102            A    <->   97             L   
103            A    <->   98             I   
104            A    <->   103            R   
105            R    <->   100            K   
106            G    <->   101            R   
107            Q    <->   106            D   
---------------------------------------------

STEP 7: Filtering alignment...
  - Raw alignment pairs: 98
  - After isolation filter: 94 pairs
  - After overlap resolver: 94 pairs

--- Final Summary ---
  Final number of aligned pairs: 94
  Sequence Identity of final pairs: 20.21%

--- Final Aligned Pairs ---
SeqA PDB Num   AA   <->   SeqB PDB Num   AA  
---------------------------------------------
10             H    <->   0              Q   
11             Q    <->   6              L   
12             F    <->   7              Y   
13             F    <->   8              M   
14             R    <->   9              R   
15             D    <->   10             D   
16             M    <->   11             C   
17             D    <->   12             E   
18             D    <->   13             L   
19             E    <->   14             A   
20             E    <->   15             E   
21             S    <->   16             S   
22             W    <->   17             W   
23             I    <->   18             M   
24             K    <->   19             S   
25             E    <->   20             A   
26             K    <->   21             R   
27             K    <->   22             E   
28             L    <->   23             A   
29             L    <->   24             F   
30             V    <->   25             L   
31             S    <->   26             N   
32             S    <->   27             A   
33             E    <->   28             D   
34             D    <->   29             D   
35             Y    <->   30             D   
36             G    <->   31             A   
37             R    <->   32             N   
38             D    <->   33             A   
39             L    <->   34             G   
40             T    <->   35             G   
41             G    <->   36             N   
42             V    <->   37             V   
43             Q    <->   38             E   
44             N    <->   39             A   
45             L    <->   40             L   
46             R    <->   41             I   
47             K    <->   42             K   
48             K    <->   43             K   
49             H    <->   44             H   
50             K    <->   45             E   
51             R    <->   46             D   
52             L    <->   47             F   
53             E    <->   48             D   
54             A    <->   49             K   
55             E    <->   50             A   
56             L    <->   51             I   
57             A    <->   52             N   
58             A    <->   53             G   
59             H    <->   54             H   
60             E    <->   55             E   
61             P    <->   56             Q   
62             A    <->   57             K   
63             I    <->   58             I   
64             Q    <->   59             A   
65             G    <->   60             A   
66             V    <->   61             L   
67             L    <->   62             Q   
68             D    <->   63             T   
69             T    <->   64             V   
70             G    <->   65             A   
71             K    <->   66             D   
72             K    <->   67             Q   
73             L    <->   68             L   
74             S    <->   69             I   
75             D    <->   70             A   
76             D    <->   71             Q   
77             N    <->   72             N   
78             T    <->   73             H   
79             I    <->   74             Y   
80             G    <->   75             A   
81             K    <->   76             S   
82             E    <->   77             N   
83             E    <->   78             L   
84             I    <->   79             V   
85             Q    <->   80             D   
86             Q    <->   81             E   
87             R    <->   82             K   
88             L    <->   83             R   
89             A    <->   84             K   
90             Q    <->   85             Q   
91             F    <->   86             V   
92             V    <->   87             L   
93             D    <->   88             E   
94             H    <->   89             R   
95             W    <->   90             W   
96             K    <->   91             R   
99             K    <->   94             K   
100            Q    <->   95             E   
101            L    <->   96             G   
102            A    <->   97             L   
103            A    <->   98             I   
106            G    <->   101            R   
107            Q    <->   106            D   
---------------------------------------------

🎉 UniAlign-V6 process finished successfully!
