Some weights of EsmModel were not initialized from the model checkpoint at local_esm_model and are newly initialized: ['pooler.dense.bias', 'pooler.dense.weight']
You should probably TRAIN this model on a down-stream task to be able to use it for predictions and inference.
[KeOps] Warning : CUDA libraries not found or could not be loaded; Switching to CPU only.
✅ Found Apple Silicon GPU. Using MPS for acceleration.

--- Configuration ---
  Sequence A: d1aqza_.pdb (Chain: auto)
  Sequence B: d1a2pa_.pdb (Chain: auto)
  Model Path: local_esm_model
  Hyperparameters: alpha=0.9, reg_m=0.1, initial_epsilon=0.001
---------------------
STEP 1: Loading sequences...
ℹ️ No chain specified for d1aqza_.pdb, auto-selecting first available chain: 'A'
ℹ️ No chain specified for d1a2pa_.pdb, auto-selecting first available chain: 'A'
  - Loaded Sequence A: 142 residues.
  - Loaded Sequence B: 108 residues.

STEP 2: Loading ESM-2 model from 'local_esm_model'...

STEP 3: Generating residue embeddings...

STEP 4: Calculating matrices for FUGW solver...
  - [Matrix Stats] Feature Cost (M): Min=0.115357, Max=0.824408, Mean=0.358033, Non-Zero=15336/15336 (100.00%)
  - [Matrix Stats] Intra-Distance A (Cx): Min=0.000000, Max=1.000000, Mean=0.169031, Non-Zero=20022/20164 (99.30%)
  - [Matrix Stats] Intra-Distance B (Cy): Min=0.000000, Max=1.000000, Mean=0.169782, Non-Zero=11556/11664 (99.07%)

STEP 5: Running Fused Unbalanced Gromov-Wasserstein solver...
  - Attempt 1/6 with epsilon = 1.0e-03...
  - Solver succeeded in 0.50 seconds.
  - [Matrix Stats] Final Transport Plan (T): Min=0.000000, Max=0.006278, Mean=0.000028, Non-Zero=15145/15336 (98.75%)

STEP 6: Extracting optimal 1-to-1 assignment...

--- Raw Aligned Pairs (Before Filtering) ---
SeqA PDB Num   AA   <->   SeqB PDB Num   AA  
---------------------------------------------
1              A    <->   3              V   
2              T    <->   6              T   
6              I    <->   4              I   
7              N    <->   5              N   
8              Q    <->   106            F   
9              Q    <->   15             Q   
10             L    <->   14             L   
18             E    <->   8              D   
19             D    <->   12             D   
20             K    <->   10             V   
21             R    <->   102            H   
22             L    <->   99             T   
23             L    <->   33             L   
24             Y    <->   13             Y   
25             S    <->   28             S   
26             Q    <->   101            D   
27             A    <->   11             A   
28             K    <->   27             K   
29             A    <->   32             A   
30             E    <->   29             E   
31             S    <->   38             S   
32             N    <->   23             N   
35             H    <->   18             H   
36             A    <->   46             A   
37             P    <->   25             I   
38             L    <->   42             L   
41             G    <->   9              G   
42             K    <->   19             K   
43             T    <->   16             T   
44             G    <->   40             G   
46             S    <->   50             S   
47             Y    <->   17             Y   
48             P    <->   21             P   
49             H    <->   22             D   
50             W    <->   35             W   
51             F    <->   7              F   
52             T    <->   26             T   
53             N    <->   41             N   
54             G    <->   52             G   
55             Y    <->   24             Y   
56             D    <->   30             A   
59             G    <->   34             G   
61             L    <->   20             L   
62             I    <->   51             I   
63             K    <->   39             K   
64             G    <->   48             G   
67             P    <->   47             P   
68             I    <->   55             I   
72             K    <->   49             K   
73             A    <->   43             A   
75             C    <->   45             V   
76             D    <->   44             D   
77             R    <->   59             R   
81             H    <->   36             V   
82             S    <->   57             S   
83             Q    <->   31             Q   
84             N    <->   58             N   
85             G    <->   61             G   
87             G    <->   65             G   
90             D    <->   54             D   
92             Y    <->   78             Y   
93             L    <->   63             L   
95             E    <->   60             E   
97             P    <->   53             G   
100            P    <->   64             P   
101            D    <->   75             D   
102            G    <->   68             G   
103            H    <->   69             R   
104            D    <->   70             T   
105            Y    <->   71             W   
106            K    <->   62             K   
107            F    <->   56             F   
108            D    <->   86             D   
109            S    <->   67             S   
110            K    <->   66             K   
112            P    <->   72             R   
114            E    <->   73             E   
115            N    <->   77             N   
116            P    <->   88             I   
119            A    <->   37             A   
120            R    <->   83             R   
121            V    <->   80             S   
122            I    <->   76             I   
123            Y    <->   90             Y   
124            T    <->   79             T   
125            Y    <->   97             Y   
126            P    <->   85             S   
128            K    <->   98             K   
129            V    <->   91             S   
130            F    <->   82             F   
131            C    <->   92             S   
132            G    <->   81             G   
133            I    <->   96             I   
134            V    <->   94             W   
135            A    <->   74             A   
136            H    <->   100            T   
137            Q    <->   104            Q   
138            R    <->   87             R   
140            N    <->   84             N   
141            Q    <->   103            Y   
142            G    <->   105            T   
143            D    <->   93             D   
144            L    <->   95             L   
145            R    <->   110            R   
146            L    <->   89             L   
147            C    <->   108            K   
148            S    <->   107            T   
149            H    <->   109            I   
---------------------------------------------

STEP 7: Filtering alignment...
  - Raw alignment pairs: 108
  - After isolation filter: 36 pairs
  - After overlap resolver: 34 pairs

--- Final Summary ---
  Final number of aligned pairs: 34
  Sequence Identity of final pairs: 61.76%

--- Final Aligned Pairs ---
SeqA PDB Num   AA   <->   SeqB PDB Num   AA  
---------------------------------------------
1              A    <->   3              V   
7              N    <->   5              N   
9              Q    <->   15             Q   
22             L    <->   99             T   
23             L    <->   33             L   
25             S    <->   28             S   
28             K    <->   27             K   
32             N    <->   23             N   
48             P    <->   21             P   
49             H    <->   22             D   
52             T    <->   26             T   
53             N    <->   41             N   
56             D    <->   30             A   
72             K    <->   49             K   
84             N    <->   58             N   
85             G    <->   61             G   
93             L    <->   63             L   
95             E    <->   60             E   
100            P    <->   64             P   
103            H    <->   69             R   
104            D    <->   70             T   
106            K    <->   62             K   
109            S    <->   67             S   
112            P    <->   72             R   
114            E    <->   73             E   
115            N    <->   77             N   
121            V    <->   80             S   
129            V    <->   91             S   
134            V    <->   94             W   
136            H    <->   100            T   
138            R    <->   87             R   
141            Q    <->   103            Y   
144            L    <->   95             L   
149            H    <->   109            I   
---------------------------------------------

🎉 UniAlign-V6 process finished successfully!
