Some weights of EsmModel were not initialized from the model checkpoint at local_esm_model and are newly initialized: ['pooler.dense.bias', 'pooler.dense.weight']
You should probably TRAIN this model on a down-stream task to be able to use it for predictions and inference.
[KeOps] Warning : CUDA libraries not found or could not be loaded; Switching to CPU only.
✅ Found Apple Silicon GPU. Using MPS for acceleration.

--- Configuration ---
  Sequence A: d1bmld3.pdb (Chain: auto)
  Sequence B: d2sak__.pdb (Chain: auto)
  Model Path: local_esm_model
  Hyperparameters: alpha=0.9, reg_m=0.1, initial_epsilon=0.001
---------------------
STEP 1: Loading sequences...
ℹ️ No chain specified for d1bmld3.pdb, auto-selecting first available chain: 'D'
ℹ️ No chain specified for d2sak__.pdb, auto-selecting first available chain: ' '
  - Loaded Sequence A: 88 residues.
  - Loaded Sequence B: 121 residues.

STEP 2: Loading ESM-2 model from 'local_esm_model'...

STEP 3: Generating residue embeddings...

STEP 4: Calculating matrices for FUGW solver...
  - [Matrix Stats] Feature Cost (M): Min=0.063488, Max=0.515140, Mean=0.222962, Non-Zero=10648/10648 (100.00%)
  - [Matrix Stats] Intra-Distance A (Cx): Min=0.000000, Max=1.000000, Mean=0.170498, Non-Zero=7656/7744 (98.86%)
  - [Matrix Stats] Intra-Distance B (Cy): Min=0.000000, Max=1.000000, Mean=0.169444, Non-Zero=14520/14641 (99.17%)

STEP 5: Running Fused Unbalanced Gromov-Wasserstein solver...
  - Attempt 1/6 with epsilon = 1.0e-03...
  - Solver succeeded in 0.16 seconds.
  - [Matrix Stats] Final Transport Plan (T): Min=0.000000, Max=0.008733, Mean=0.000070, Non-Zero=10648/10648 (100.00%)

STEP 6: Extracting optimal 1-to-1 assignment...

--- Raw Aligned Pairs (Before Filtering) ---
SeqA PDB Num   AA   <->   SeqB PDB Num   AA  
---------------------------------------------
285            D    <->   16             S   
286            P    <->   20             P   
287            F    <->   18             F   
288            D    <->   19             E   
289            R    <->   21             T   
290            S    <->   34             S   
291            H    <->   43             H   
292            L    <->   25             L   
293            K    <->   24             Y   
294            L    <->   26             M   
295            F    <->   27             V   
296            T    <->   30             T   
297            I    <->   29             V   
298            K    <->   28             N   
299            Y    <->   31             G   
300            V    <->   32             V   
301            D    <->   33             D   
302            V    <->   45             V   
303            N    <->   37             N   
304            T    <->   96             K   
305            N    <->   36             G   
306            E    <->   58             E   
307            L    <->   38             E   
308            L    <->   39             L   
309            K    <->   50             K   
310            S    <->   103            S   
311            E    <->   46             E   
312            Q    <->   42             P   
313            L    <->   44             Y   
314            L    <->   40             L   
315            T    <->   56             T   
316            A    <->   67             A   
317            S    <->   41             S   
318            E    <->   65             E   
319            R    <->   60             I   
320            N    <->   52             G   
321            L    <->   55             L   
322            D    <->   61             E   
323            F    <->   76             F   
324            R    <->   77             R   
325            D    <->   66             W   
326            L    <->   68             L   
327            Y    <->   63             Y   
328            D    <->   82             D   
329            P    <->   83             P   
330            R    <->   84             S   
331            D    <->   69             D   
332            K    <->   94             K   
333            A    <->   70             A   
334            K    <->   86             K   
335            L    <->   81             L   
336            L    <->   78             V   
337            Y    <->   73             Y   
338            N    <->   95             N   
339            N    <->   75             E   
340            L    <->   116            L   
341            D    <->   88             E   
342            A    <->   85             A   
343            F    <->   111            F   
344            G    <->   105            P   
345            I    <->   87             I   
346            M    <->   79             V   
347            D    <->   80             E   
348            Y    <->   91             Y   
349            T    <->   90             T   
350            L    <->   106            I   
351            T    <->   107            T   
352            G    <->   110            G   
353            K    <->   109            K   
354            V    <->   112            V   
355            E    <->   100            E   
356            D    <->   114            P   
357            N    <->   122            N   
358            H    <->   119            H   
359            D    <->   115            D   
360            D    <->   123            P   
361            T    <->   117            S   
362            N    <->   126            N   
363            R    <->   127            L   
364            I    <->   128            I   
365            I    <->   120            I   
366            T    <->   129            T   
367            V    <->   131            V   
368            Y    <->   132            V   
369            M    <->   133            I   
370            G    <->   124            G   
371            K    <->   135            K   
372            R    <->   136            K   
---------------------------------------------

STEP 7: Filtering alignment...
  - Raw alignment pairs: 88
  - After isolation filter: 38 pairs
  - After overlap resolver: 36 pairs

--- Final Summary ---
  Final number of aligned pairs: 36
  Sequence Identity of final pairs: 50.00%

--- Final Aligned Pairs ---
SeqA PDB Num   AA   <->   SeqB PDB Num   AA  
---------------------------------------------
285            D    <->   16             S   
288            D    <->   19             E   
289            R    <->   21             T   
290            S    <->   34             S   
292            L    <->   25             L   
294            L    <->   26             M   
295            F    <->   27             V   
297            I    <->   29             V   
299            Y    <->   31             G   
300            V    <->   32             V   
301            D    <->   33             D   
308            L    <->   39             L   
309            K    <->   50             K   
311            E    <->   46             E   
315            T    <->   56             T   
319            R    <->   60             I   
321            L    <->   55             L   
322            D    <->   61             E   
323            F    <->   76             F   
328            D    <->   82             D   
329            P    <->   83             P   
336            L    <->   78             V   
341            D    <->   88             E   
344            G    <->   105            P   
347            D    <->   80             E   
350            L    <->   106            I   
351            T    <->   107            T   
356            D    <->   114            P   
358            H    <->   119            H   
362            N    <->   126            N   
363            R    <->   127            L   
366            T    <->   129            T   
367            V    <->   131            V   
368            Y    <->   132            V   
371            K    <->   135            K   
372            R    <->   136            K   
---------------------------------------------

🎉 UniAlign-V6 process finished successfully!
