Some weights of EsmModel were not initialized from the model checkpoint at local_esm_model and are newly initialized: ['pooler.dense.bias', 'pooler.dense.weight']
You should probably TRAIN this model on a down-stream task to be able to use it for predictions and inference.
[KeOps] Warning : CUDA libraries not found or could not be loaded; Switching to CPU only.
✅ Found Apple Silicon GPU. Using MPS for acceleration.

--- Configuration ---
  Sequence A: d1ggga_.pdb (Chain: auto)
  Sequence B: d1wdna_.pdb (Chain: auto)
  Model Path: local_esm_model
  Hyperparameters: alpha=0.9, reg_m=0.1, initial_epsilon=0.001
---------------------
STEP 1: Loading sequences...
ℹ️ No chain specified for d1ggga_.pdb, auto-selecting first available chain: 'A'
ℹ️ No chain specified for d1wdna_.pdb, auto-selecting first available chain: 'A'
  - Loaded Sequence A: 220 residues.
  - Loaded Sequence B: 223 residues.

STEP 2: Loading ESM-2 model from 'local_esm_model'...

STEP 3: Generating residue embeddings...

STEP 4: Calculating matrices for FUGW solver...
  - [Matrix Stats] Feature Cost (M): Min=0.000253, Max=1.118863, Mean=0.644955, Non-Zero=49060/49060 (100.00%)
  - [Matrix Stats] Intra-Distance A (Cx): Min=0.000000, Max=1.000000, Mean=0.168189, Non-Zero=48180/48400 (99.55%)
  - [Matrix Stats] Intra-Distance B (Cy): Min=0.000000, Max=1.000000, Mean=0.168168, Non-Zero=49506/49729 (99.55%)

STEP 5: Running Fused Unbalanced Gromov-Wasserstein solver...
  - Attempt 1/6 with epsilon = 1.0e-03...
  - Solver succeeded in 0.10 seconds.
  - [Matrix Stats] Final Transport Plan (T): Min=0.000000, Max=0.004414, Mean=0.000020, Non-Zero=49057/49060 (99.99%)

STEP 6: Extracting optimal 1-to-1 assignment...

--- Raw Aligned Pairs (Before Filtering) ---
SeqA PDB Num   AA   <->   SeqB PDB Num   AA  
---------------------------------------------
5              L    <->   5              L   
6              V    <->   6              V   
7              V    <->   7              V   
8              A    <->   8              A   
9              T    <->   9              T   
10             D    <->   10             D   
11             T    <->   11             T   
12             A    <->   12             A   
13             F    <->   13             F   
14             V    <->   14             V   
15             P    <->   15             P   
16             F    <->   16             F   
17             E    <->   17             E   
18             F    <->   18             F   
19             K    <->   19             K   
20             Q    <->   20             Q   
21             G    <->   21             G   
22             D    <->   22             D   
23             L    <->   23             L   
24             Y    <->   24             Y   
25             V    <->   25             V   
26             G    <->   26             G   
27             F    <->   27             F   
28             D    <->   28             D   
29             V    <->   29             V   
30             D    <->   30             D   
31             L    <->   31             L   
32             W    <->   32             W   
33             A    <->   33             A   
34             A    <->   34             A   
35             I    <->   35             I   
36             A    <->   36             A   
37             K    <->   37             K   
38             E    <->   38             E   
39             L    <->   39             L   
40             K    <->   40             K   
41             L    <->   41             L   
42             D    <->   42             D   
43             Y    <->   43             Y   
44             E    <->   44             E   
45             L    <->   45             L   
46             K    <->   46             K   
47             P    <->   47             P   
48             M    <->   48             M   
49             D    <->   49             D   
50             F    <->   50             F   
51             S    <->   51             S   
52             G    <->   52             G   
53             I    <->   53             I   
54             I    <->   54             I   
55             P    <->   55             P   
56             A    <->   56             A   
57             L    <->   57             L   
58             Q    <->   58             Q   
59             T    <->   59             T   
60             K    <->   60             K   
61             N    <->   61             N   
62             V    <->   62             V   
63             D    <->   63             D   
64             L    <->   64             L   
65             A    <->   65             A   
66             L    <->   66             L   
67             A    <->   67             A   
68             G    <->   68             G   
69             I    <->   69             I   
70             T    <->   70             T   
71             I    <->   71             I   
72             T    <->   72             T   
73             D    <->   73             D   
74             E    <->   74             E   
75             R    <->   75             R   
76             K    <->   76             K   
77             K    <->   77             K   
78             A    <->   78             A   
79             I    <->   79             I   
80             D    <->   80             D   
81             F    <->   81             F   
82             S    <->   82             S   
83             D    <->   83             D   
84             G    <->   84             G   
85             Y    <->   85             Y   
86             Y    <->   86             Y   
87             K    <->   87             K   
88             S    <->   88             S   
89             G    <->   89             G   
90             L    <->   90             L   
91             L    <->   91             L   
92             V    <->   92             V   
93             M    <->   93             M   
94             V    <->   94             V   
95             K    <->   95             K   
96             A    <->   96             A   
97             N    <->   97             N   
98             N    <->   98             N   
99             N    <->   99             N   
100            D    <->   100            D   
101            V    <->   101            V   
102            K    <->   102            K   
103            S    <->   103            S   
104            V    <->   104            V   
105            K    <->   105            K   
106            D    <->   106            D   
107            L    <->   107            L   
108            D    <->   108            D   
109            G    <->   109            G   
110            K    <->   110            K   
111            V    <->   111            V   
112            V    <->   112            V   
113            A    <->   113            A   
114            V    <->   114            V   
115            K    <->   115            K   
116            S    <->   116            S   
117            G    <->   117            G   
118            T    <->   118            T   
119            G    <->   119            G   
120            S    <->   120            S   
121            V    <->   121            V   
122            D    <->   122            D   
123            Y    <->   123            Y   
124            A    <->   124            A   
125            K    <->   125            K   
126            A    <->   126            A   
127            N    <->   127            N   
128            I    <->   128            I   
129            K    <->   129            K   
130            T    <->   130            T   
131            K    <->   131            K   
132            D    <->   132            D   
133            L    <->   133            L   
134            R    <->   134            R   
135            Q    <->   135            Q   
136            F    <->   136            F   
137            P    <->   137            P   
138            N    <->   138            N   
139            I    <->   139            I   
140            D    <->   140            D   
141            N    <->   141            N   
142            A    <->   142            A   
143            Y    <->   143            Y   
144            M    <->   144            M   
145            E    <->   145            E   
146            L    <->   146            L   
147            G    <->   147            G   
148            T    <->   148            T   
149            N    <->   149            N   
150            R    <->   150            R   
151            A    <->   151            A   
152            D    <->   152            D   
153            A    <->   153            A   
154            V    <->   154            V   
155            L    <->   155            L   
156            H    <->   156            H   
157            D    <->   157            D   
158            T    <->   158            T   
159            P    <->   159            P   
160            N    <->   160            N   
161            I    <->   161            I   
162            L    <->   162            L   
163            Y    <->   163            Y   
164            F    <->   164            F   
165            I    <->   165            I   
166            K    <->   166            K   
167            T    <->   167            T   
168            A    <->   168            A   
169            G    <->   169            G   
170            N    <->   170            N   
171            G    <->   171            G   
172            Q    <->   172            Q   
173            F    <->   173            F   
174            K    <->   174            K   
175            A    <->   175            A   
176            V    <->   176            V   
177            G    <->   177            G   
178            D    <->   178            D   
179            S    <->   179            S   
180            L    <->   180            L   
181            E    <->   181            E   
182            A    <->   182            A   
183            Q    <->   183            Q   
184            Q    <->   184            Q   
185            Y    <->   185            Y   
186            G    <->   186            G   
187            I    <->   187            I   
188            A    <->   188            A   
189            F    <->   189            F   
190            P    <->   190            P   
191            K    <->   191            K   
192            G    <->   192            G   
193            S    <->   193            S   
194            D    <->   194            D   
195            E    <->   195            E   
196            L    <->   196            L   
197            R    <->   197            R   
198            D    <->   198            D   
199            K    <->   199            K   
200            V    <->   200            V   
201            N    <->   201            N   
202            G    <->   202            G   
203            A    <->   203            A   
204            L    <->   204            L   
205            K    <->   205            K   
206            T    <->   206            T   
207            L    <->   207            L   
208            R    <->   208            R   
209            E    <->   209            E   
210            N    <->   210            N   
211            G    <->   211            G   
212            T    <->   212            T   
213            Y    <->   213            Y   
214            N    <->   214            N   
215            E    <->   215            E   
216            I    <->   216            I   
217            Y    <->   217            Y   
218            K    <->   218            K   
219            K    <->   219            K   
220            W    <->   220            W   
221            F    <->   221            F   
222            G    <->   222            G   
223            T    <->   223            T   
224            E    <->   224            E   
---------------------------------------------

STEP 7: Filtering alignment...
  - Raw alignment pairs: 220
  - After isolation filter: 220 pairs
  - After overlap resolver: 220 pairs

--- Final Summary ---
  Final number of aligned pairs: 220
  Sequence Identity of final pairs: 100.00%

--- Final Aligned Pairs ---
SeqA PDB Num   AA   <->   SeqB PDB Num   AA  
---------------------------------------------
5              L    <->   5              L   
6              V    <->   6              V   
7              V    <->   7              V   
8              A    <->   8              A   
9              T    <->   9              T   
10             D    <->   10             D   
11             T    <->   11             T   
12             A    <->   12             A   
13             F    <->   13             F   
14             V    <->   14             V   
15             P    <->   15             P   
16             F    <->   16             F   
17             E    <->   17             E   
18             F    <->   18             F   
19             K    <->   19             K   
20             Q    <->   20             Q   
21             G    <->   21             G   
22             D    <->   22             D   
23             L    <->   23             L   
24             Y    <->   24             Y   
25             V    <->   25             V   
26             G    <->   26             G   
27             F    <->   27             F   
28             D    <->   28             D   
29             V    <->   29             V   
30             D    <->   30             D   
31             L    <->   31             L   
32             W    <->   32             W   
33             A    <->   33             A   
34             A    <->   34             A   
35             I    <->   35             I   
36             A    <->   36             A   
37             K    <->   37             K   
38             E    <->   38             E   
39             L    <->   39             L   
40             K    <->   40             K   
41             L    <->   41             L   
42             D    <->   42             D   
43             Y    <->   43             Y   
44             E    <->   44             E   
45             L    <->   45             L   
46             K    <->   46             K   
47             P    <->   47             P   
48             M    <->   48             M   
49             D    <->   49             D   
50             F    <->   50             F   
51             S    <->   51             S   
52             G    <->   52             G   
53             I    <->   53             I   
54             I    <->   54             I   
55             P    <->   55             P   
56             A    <->   56             A   
57             L    <->   57             L   
58             Q    <->   58             Q   
59             T    <->   59             T   
60             K    <->   60             K   
61             N    <->   61             N   
62             V    <->   62             V   
63             D    <->   63             D   
64             L    <->   64             L   
65             A    <->   65             A   
66             L    <->   66             L   
67             A    <->   67             A   
68             G    <->   68             G   
69             I    <->   69             I   
70             T    <->   70             T   
71             I    <->   71             I   
72             T    <->   72             T   
73             D    <->   73             D   
74             E    <->   74             E   
75             R    <->   75             R   
76             K    <->   76             K   
77             K    <->   77             K   
78             A    <->   78             A   
79             I    <->   79             I   
80             D    <->   80             D   
81             F    <->   81             F   
82             S    <->   82             S   
83             D    <->   83             D   
84             G    <->   84             G   
85             Y    <->   85             Y   
86             Y    <->   86             Y   
87             K    <->   87             K   
88             S    <->   88             S   
89             G    <->   89             G   
90             L    <->   90             L   
91             L    <->   91             L   
92             V    <->   92             V   
93             M    <->   93             M   
94             V    <->   94             V   
95             K    <->   95             K   
96             A    <->   96             A   
97             N    <->   97             N   
98             N    <->   98             N   
99             N    <->   99             N   
100            D    <->   100            D   
101            V    <->   101            V   
102            K    <->   102            K   
103            S    <->   103            S   
104            V    <->   104            V   
105            K    <->   105            K   
106            D    <->   106            D   
107            L    <->   107            L   
108            D    <->   108            D   
109            G    <->   109            G   
110            K    <->   110            K   
111            V    <->   111            V   
112            V    <->   112            V   
113            A    <->   113            A   
114            V    <->   114            V   
115            K    <->   115            K   
116            S    <->   116            S   
117            G    <->   117            G   
118            T    <->   118            T   
119            G    <->   119            G   
120            S    <->   120            S   
121            V    <->   121            V   
122            D    <->   122            D   
123            Y    <->   123            Y   
124            A    <->   124            A   
125            K    <->   125            K   
126            A    <->   126            A   
127            N    <->   127            N   
128            I    <->   128            I   
129            K    <->   129            K   
130            T    <->   130            T   
131            K    <->   131            K   
132            D    <->   132            D   
133            L    <->   133            L   
134            R    <->   134            R   
135            Q    <->   135            Q   
136            F    <->   136            F   
137            P    <->   137            P   
138            N    <->   138            N   
139            I    <->   139            I   
140            D    <->   140            D   
141            N    <->   141            N   
142            A    <->   142            A   
143            Y    <->   143            Y   
144            M    <->   144            M   
145            E    <->   145            E   
146            L    <->   146            L   
147            G    <->   147            G   
148            T    <->   148            T   
149            N    <->   149            N   
150            R    <->   150            R   
151            A    <->   151            A   
152            D    <->   152            D   
153            A    <->   153            A   
154            V    <->   154            V   
155            L    <->   155            L   
156            H    <->   156            H   
157            D    <->   157            D   
158            T    <->   158            T   
159            P    <->   159            P   
160            N    <->   160            N   
161            I    <->   161            I   
162            L    <->   162            L   
163            Y    <->   163            Y   
164            F    <->   164            F   
165            I    <->   165            I   
166            K    <->   166            K   
167            T    <->   167            T   
168            A    <->   168            A   
169            G    <->   169            G   
170            N    <->   170            N   
171            G    <->   171            G   
172            Q    <->   172            Q   
173            F    <->   173            F   
174            K    <->   174            K   
175            A    <->   175            A   
176            V    <->   176            V   
177            G    <->   177            G   
178            D    <->   178            D   
179            S    <->   179            S   
180            L    <->   180            L   
181            E    <->   181            E   
182            A    <->   182            A   
183            Q    <->   183            Q   
184            Q    <->   184            Q   
185            Y    <->   185            Y   
186            G    <->   186            G   
187            I    <->   187            I   
188            A    <->   188            A   
189            F    <->   189            F   
190            P    <->   190            P   
191            K    <->   191            K   
192            G    <->   192            G   
193            S    <->   193            S   
194            D    <->   194            D   
195            E    <->   195            E   
196            L    <->   196            L   
197            R    <->   197            R   
198            D    <->   198            D   
199            K    <->   199            K   
200            V    <->   200            V   
201            N    <->   201            N   
202            G    <->   202            G   
203            A    <->   203            A   
204            L    <->   204            L   
205            K    <->   205            K   
206            T    <->   206            T   
207            L    <->   207            L   
208            R    <->   208            R   
209            E    <->   209            E   
210            N    <->   210            N   
211            G    <->   211            G   
212            T    <->   212            T   
213            Y    <->   213            Y   
214            N    <->   214            N   
215            E    <->   215            E   
216            I    <->   216            I   
217            Y    <->   217            Y   
218            K    <->   218            K   
219            K    <->   219            K   
220            W    <->   220            W   
221            F    <->   221            F   
222            G    <->   222            G   
223            T    <->   223            T   
224            E    <->   224            E   
---------------------------------------------

🎉 UniAlign-V6 process finished successfully!
