Some weights of EsmModel were not initialized from the model checkpoint at local_esm_model and are newly initialized: ['pooler.dense.bias', 'pooler.dense.weight']
You should probably TRAIN this model on a down-stream task to be able to use it for predictions and inference.
[KeOps] Warning : CUDA libraries not found or could not be loaded; Switching to CPU only.
✅ Found Apple Silicon GPU. Using MPS for acceleration.

--- Configuration ---
  Sequence A: d1l5ba_.pdb (Chain: auto)
  Sequence B: d1l5ea_.pdb (Chain: auto)
  Model Path: local_esm_model
  Hyperparameters: alpha=0.9, reg_m=0.1, initial_epsilon=0.001
---------------------
STEP 1: Loading sequences...
ℹ️ No chain specified for d1l5ba_.pdb, auto-selecting first available chain: 'A'
ℹ️ No chain specified for d1l5ea_.pdb, auto-selecting first available chain: 'A'
  - Loaded Sequence A: 101 residues.
  - Loaded Sequence B: 101 residues.

STEP 2: Loading ESM-2 model from 'local_esm_model'...

STEP 3: Generating residue embeddings...

STEP 4: Calculating matrices for FUGW solver...
  - [Matrix Stats] Feature Cost (M): Min=-0.000001, Max=0.641784, Mean=0.385132, Non-Zero=10190/10201 (99.89%)
  - [Matrix Stats] Intra-Distance A (Cx): Min=0.000000, Max=1.000000, Mean=0.170000, Non-Zero=10100/10201 (99.01%)
  - [Matrix Stats] Intra-Distance B (Cy): Min=0.000000, Max=1.000000, Mean=0.170000, Non-Zero=10100/10201 (99.01%)

STEP 5: Running Fused Unbalanced Gromov-Wasserstein solver...
  - Attempt 1/6 with epsilon = 1.0e-03...
  - Solver succeeded in 0.06 seconds.
  - [Matrix Stats] Final Transport Plan (T): Min=0.000000, Max=0.009676, Mean=0.000096, Non-Zero=10201/10201 (100.00%)

STEP 6: Extracting optimal 1-to-1 assignment...

--- Raw Aligned Pairs (Before Filtering) ---
SeqA PDB Num   AA   <->   SeqB PDB Num   AA  
---------------------------------------------
1              L    <->   1              L   
2              G    <->   2              G   
3              K    <->   3              K   
4              F    <->   4              F   
5              S    <->   5              S   
6              Q    <->   6              Q   
7              T    <->   7              T   
8              C    <->   8              C   
9              Y    <->   9              Y   
10             N    <->   10             N   
11             S    <->   11             S   
12             A    <->   12             A   
13             I    <->   13             I   
14             Q    <->   14             Q   
15             G    <->   15             G   
16             S    <->   16             S   
17             V    <->   17             V   
18             L    <->   18             L   
19             T    <->   19             T   
20             S    <->   20             S   
21             T    <->   21             T   
22             C    <->   22             C   
23             E    <->   23             E   
24             R    <->   24             R   
25             T    <->   25             T   
26             N    <->   26             N   
27             G    <->   27             G   
28             G    <->   28             G   
29             Y    <->   29             Y   
30             N    <->   30             N   
31             T    <->   31             T   
32             S    <->   32             S   
33             S    <->   33             S   
34             I    <->   34             I   
35             D    <->   35             D   
36             L    <->   36             L   
37             N    <->   37             N   
38             S    <->   38             S   
39             V    <->   39             V   
40             I    <->   40             I   
41             E    <->   41             E   
42             N    <->   42             N   
43             V    <->   43             V   
44             D    <->   44             D   
45             G    <->   45             G   
46             S    <->   46             S   
47             L    <->   47             L   
48             K    <->   48             K   
49             W    <->   49             W   
50             Q    <->   50             Q   
51             P    <->   51             P   
52             S    <->   52             S   
53             N    <->   53             N   
54             F    <->   54             F   
55             I    <->   55             I   
56             E    <->   56             E   
57             T    <->   57             T   
58             C    <->   58             C   
59             R    <->   59             R   
60             N    <->   60             N   
61             T    <->   61             T   
62             Q    <->   62             Q   
63             L    <->   63             L   
64             A    <->   64             A   
65             G    <->   65             G   
66             S    <->   66             S   
67             S    <->   67             S   
68             E    <->   68             E   
69             L    <->   69             L   
70             A    <->   70             A   
71             A    <->   71             A   
72             E    <->   72             E   
73             C    <->   73             C   
74             K    <->   74             K   
75             T    <->   75             T   
76             R    <->   76             R   
77             A    <->   77             A   
78             Q    <->   78             Q   
79             Q    <->   79             Q   
80             F    <->   80             F   
81             V    <->   81             V   
82             S    <->   82             S   
83             T    <->   83             T   
84             K    <->   84             K   
85             I    <->   85             I   
86             N    <->   86             N   
87             L    <->   87             L   
88             D    <->   88             D   
89             D    <->   89             D   
90             H    <->   90             H   
91             I    <->   91             I   
92             A    <->   92             A   
93             N    <->   93             N   
94             I    <->   94             I   
95             D    <->   95             D   
96             G    <->   96             G   
97             T    <->   97             T   
98             L    <->   98             L   
99             K    <->   99             K   
100            Y    <->   100            Y   
101            E    <->   101            E   
---------------------------------------------

STEP 7: Filtering alignment...
  - Raw alignment pairs: 101
  - After isolation filter: 101 pairs
  - After overlap resolver: 101 pairs

--- Final Summary ---
  Final number of aligned pairs: 101
  Sequence Identity of final pairs: 100.00%

--- Final Aligned Pairs ---
SeqA PDB Num   AA   <->   SeqB PDB Num   AA  
---------------------------------------------
1              L    <->   1              L   
2              G    <->   2              G   
3              K    <->   3              K   
4              F    <->   4              F   
5              S    <->   5              S   
6              Q    <->   6              Q   
7              T    <->   7              T   
8              C    <->   8              C   
9              Y    <->   9              Y   
10             N    <->   10             N   
11             S    <->   11             S   
12             A    <->   12             A   
13             I    <->   13             I   
14             Q    <->   14             Q   
15             G    <->   15             G   
16             S    <->   16             S   
17             V    <->   17             V   
18             L    <->   18             L   
19             T    <->   19             T   
20             S    <->   20             S   
21             T    <->   21             T   
22             C    <->   22             C   
23             E    <->   23             E   
24             R    <->   24             R   
25             T    <->   25             T   
26             N    <->   26             N   
27             G    <->   27             G   
28             G    <->   28             G   
29             Y    <->   29             Y   
30             N    <->   30             N   
31             T    <->   31             T   
32             S    <->   32             S   
33             S    <->   33             S   
34             I    <->   34             I   
35             D    <->   35             D   
36             L    <->   36             L   
37             N    <->   37             N   
38             S    <->   38             S   
39             V    <->   39             V   
40             I    <->   40             I   
41             E    <->   41             E   
42             N    <->   42             N   
43             V    <->   43             V   
44             D    <->   44             D   
45             G    <->   45             G   
46             S    <->   46             S   
47             L    <->   47             L   
48             K    <->   48             K   
49             W    <->   49             W   
50             Q    <->   50             Q   
51             P    <->   51             P   
52             S    <->   52             S   
53             N    <->   53             N   
54             F    <->   54             F   
55             I    <->   55             I   
56             E    <->   56             E   
57             T    <->   57             T   
58             C    <->   58             C   
59             R    <->   59             R   
60             N    <->   60             N   
61             T    <->   61             T   
62             Q    <->   62             Q   
63             L    <->   63             L   
64             A    <->   64             A   
65             G    <->   65             G   
66             S    <->   66             S   
67             S    <->   67             S   
68             E    <->   68             E   
69             L    <->   69             L   
70             A    <->   70             A   
71             A    <->   71             A   
72             E    <->   72             E   
73             C    <->   73             C   
74             K    <->   74             K   
75             T    <->   75             T   
76             R    <->   76             R   
77             A    <->   77             A   
78             Q    <->   78             Q   
79             Q    <->   79             Q   
80             F    <->   80             F   
81             V    <->   81             V   
82             S    <->   82             S   
83             T    <->   83             T   
84             K    <->   84             K   
85             I    <->   85             I   
86             N    <->   86             N   
87             L    <->   87             L   
88             D    <->   88             D   
89             D    <->   89             D   
90             H    <->   90             H   
91             I    <->   91             I   
92             A    <->   92             A   
93             N    <->   93             N   
94             I    <->   94             I   
95             D    <->   95             D   
96             G    <->   96             G   
97             T    <->   97             T   
98             L    <->   98             L   
99             K    <->   99             K   
100            Y    <->   100            Y   
101            E    <->   101            E   
---------------------------------------------

🎉 UniAlign-V6 process finished successfully!
