Some weights of EsmModel were not initialized from the model checkpoint at local_esm_model and are newly initialized: ['pooler.dense.bias', 'pooler.dense.weight']
You should probably TRAIN this model on a down-stream task to be able to use it for predictions and inference.
[KeOps] Warning : CUDA libraries not found or could not be loaded; Switching to CPU only.
✅ Found Apple Silicon GPU. Using MPS for acceleration.

--- Configuration ---
  Sequence A: d1ng4a2.pdb (Chain: auto)
  Sequence B: d3cox_2.pdb (Chain: auto)
  Model Path: local_esm_model
  Hyperparameters: alpha=0.9, reg_m=0.1, initial_epsilon=0.001
---------------------
STEP 1: Loading sequences...
ℹ️ No chain specified for d1ng4a2.pdb, auto-selecting first available chain: 'A'
ℹ️ No chain specified for d3cox_2.pdb, auto-selecting first available chain: ' '
  - Loaded Sequence A: 88 residues.
  - Loaded Sequence B: 130 residues.

STEP 2: Loading ESM-2 model from 'local_esm_model'...

STEP 3: Generating residue embeddings...

STEP 4: Calculating matrices for FUGW solver...
  - [Matrix Stats] Feature Cost (M): Min=0.077956, Max=0.389140, Mean=0.199280, Non-Zero=11440/11440 (100.00%)
  - [Matrix Stats] Intra-Distance A (Cx): Min=0.000000, Max=1.000000, Mean=0.170498, Non-Zero=7656/7744 (98.86%)
  - [Matrix Stats] Intra-Distance B (Cy): Min=0.000000, Max=1.000000, Mean=0.169251, Non-Zero=16770/16900 (99.23%)

STEP 5: Running Fused Unbalanced Gromov-Wasserstein solver...
  - Attempt 1/6 with epsilon = 1.0e-03...
  - Solver succeeded in 0.18 seconds.
  - [Matrix Stats] Final Transport Plan (T): Min=0.000000, Max=0.008372, Mean=0.000068, Non-Zero=11440/11440 (100.00%)

STEP 6: Extracting optimal 1-to-1 assignment...

--- Raw Aligned Pairs (Before Filtering) ---
SeqA PDB Num   AA   <->   SeqB PDB Num   AA  
---------------------------------------------
219            F    <->   319            G   
220            L    <->   324            I   
221            P    <->   323            N   
222            V    <->   326            V   
223            K    <->   321            N   
224            G    <->   322            G   
225            E    <->   328            R   
226            C    <->   330            N   
227            L    <->   332            M   
228            S    <->   338            S   
229            V    <->   329            A   
230            W    <->   333            W   
231            N    <->   350            N   
232            D    <->   334            D   
233            D    <->   353            D   
234            I    <->   343            I   
235            P    <->   354            P   
236            L    <->   356            A   
237            T    <->   345            T   
238            K    <->   339            K   
239            T    <->   342            T   
240            L    <->   375            L   
241            Y    <->   372            Y   
242            H    <->   337            G   
243            D    <->   349            D   
244            H    <->   335            A   
245            C    <->   346            M   
246            Y    <->   376            Y   
247            I    <->   362            I   
248            V    <->   358            I   
249            P    <->   357            P   
250            R    <->   361            E   
251            K    <->   381            K   
252            S    <->   367            A   
253            G    <->   368            G   
254            R    <->   385            R   
255            L    <->   377            L   
256            V    <->   363            A   
257            V    <->   373            V   
258            G    <->   347            G   
259            A    <->   360            A   
260            T    <->   380            T   
261            M    <->   379            I   
262            K    <->   382            N   
263            P    <->   366            P   
264            G    <->   395            G   
265            D    <->   389            Q   
266            W    <->   401            W   
267            S    <->   392            S   
268            E    <->   370            E   
269            T    <->   371            T   
270            P    <->   383            P   
271            D    <->   398            D   
272            L    <->   399            L   
273            G    <->   393            G   
274            G    <->   409            G   
275            L    <->   410            I   
276            E    <->   384            E   
277            S    <->   404            S   
278            V    <->   416            V   
279            M    <->   417            F   
280            K    <->   408            K   
281            K    <->   419            K   
282            A    <->   413            A   
283            K    <->   414            K   
284            T    <->   426            T   
285            M    <->   412            M   
286            L    <->   432            L   
287            P    <->   418            D   
288            P    <->   422            Q   
289            I    <->   427            I   
290            Q    <->   403            Q   
291            N    <->   421            N   
292            M    <->   428            Y   
293            K    <->   423            K   
294            V    <->   436            Y   
295            D    <->   431            D   
296            R    <->   429            R   
297            F    <->   433            F   
298            W    <->   440            W   
299            A    <->   442            D   
300            G    <->   425            G   
301            L    <->   449            L   
302            R    <->   447            H   
303            P    <->   448            P   
304            G    <->   450            G   
305            T    <->   445            T   
306            K    <->   438            K   
---------------------------------------------

STEP 7: Filtering alignment...
  - Raw alignment pairs: 88
  - After isolation filter: 33 pairs
  - After overlap resolver: 26 pairs

--- Final Summary ---
  Final number of aligned pairs: 26
  Sequence Identity of final pairs: 73.08%

--- Final Aligned Pairs ---
SeqA PDB Num   AA   <->   SeqB PDB Num   AA  
---------------------------------------------
219            F    <->   319            G   
224            G    <->   322            G   
225            E    <->   328            R   
226            C    <->   330            N   
227            L    <->   332            M   
230            W    <->   333            W   
235            P    <->   354            P   
241            Y    <->   372            Y   
245            C    <->   346            M   
248            V    <->   358            I   
250            R    <->   361            E   
253            G    <->   368            G   
255            L    <->   377            L   
259            A    <->   360            A   
267            S    <->   392            S   
269            T    <->   371            T   
270            P    <->   383            P   
271            D    <->   398            D   
274            G    <->   409            G   
278            V    <->   416            V   
283            K    <->   414            K   
291            N    <->   421            N   
295            D    <->   431            D   
297            F    <->   433            F   
298            W    <->   440            W   
303            P    <->   448            P   
---------------------------------------------

🎉 UniAlign-V6 process finished successfully!
