Some weights of EsmModel were not initialized from the model checkpoint at local_esm_model and are newly initialized: ['pooler.dense.bias', 'pooler.dense.weight']
You should probably TRAIN this model on a down-stream task to be able to use it for predictions and inference.
[KeOps] Warning : CUDA libraries not found or could not be loaded; Switching to CPU only.
✅ Found Apple Silicon GPU. Using MPS for acceleration.

--- Configuration ---
  Sequence A: d1nls__.pdb (Chain: auto)
  Sequence B: d2bqpa_.pdb (Chain: auto)
  Model Path: local_esm_model
  Hyperparameters: alpha=0.9, reg_m=0.1, initial_epsilon=0.001
---------------------
STEP 1: Loading sequences...
ℹ️ No chain specified for d1nls__.pdb, auto-selecting first available chain: ' '
ℹ️ No chain specified for d2bqpa_.pdb, auto-selecting first available chain: 'A'
  - Loaded Sequence A: 237 residues.
  - Loaded Sequence B: 228 residues.

STEP 2: Loading ESM-2 model from 'local_esm_model'...

STEP 3: Generating residue embeddings...

STEP 4: Calculating matrices for FUGW solver...
  - [Matrix Stats] Feature Cost (M): Min=0.040852, Max=0.901218, Mean=0.464071, Non-Zero=54036/54036 (100.00%)
  - [Matrix Stats] Intra-Distance A (Cx): Min=0.000000, Max=1.000000, Mean=0.168079, Non-Zero=55932/56169 (99.58%)
  - [Matrix Stats] Intra-Distance B (Cy): Min=0.000000, Max=1.000000, Mean=0.168135, Non-Zero=51756/51984 (99.56%)

STEP 5: Running Fused Unbalanced Gromov-Wasserstein solver...
  - Attempt 1/6 with epsilon = 1.0e-03...
  - Solver succeeded in 0.22 seconds.
  - [Matrix Stats] Final Transport Plan (T): Min=0.000000, Max=0.004300, Mean=0.000012, Non-Zero=54036/54036 (100.00%)

STEP 6: Extracting optimal 1-to-1 assignment...

--- Raw Aligned Pairs (Before Filtering) ---
SeqA PDB Num   AA   <->   SeqB PDB Num   AA  
---------------------------------------------
1              A    <->   234            S   
3              T    <->   114            Q   
4              I    <->   115            T   
5              V    <->   116            V   
6              A    <->   117            A   
7              V    <->   118            V   
8              E    <->   119            E   
9              L    <->   120            F   
10             D    <->   121            D   
11             T    <->   122            T   
12             Y    <->   123            F   
13             P    <->   124            Y   
14             N    <->   125            N   
15             T    <->   126            A   
16             D    <->   127            A   
17             I    <->   128            W   
18             G    <->   133            R   
19             D    <->   129            D   
20             P    <->   130            P   
22             Y    <->   134            D   
23             P    <->   135            R   
24             H    <->   136            H   
25             I    <->   137            I   
26             G    <->   138            G   
27             I    <->   139            I   
28             D    <->   140            D   
29             I    <->   141            V   
30             K    <->   142            N   
31             S    <->   143            S   
32             V    <->   144            I   
33             R    <->   145            K   
34             S    <->   146            S   
35             K    <->   147            V   
36             K    <->   148            N   
37             T    <->   149            T   
38             A    <->   150            K   
39             K    <->   151            S   
40             W    <->   152            W   
41             N    <->   153            K   
42             M    <->   154            L   
43             Q    <->   155            Q   
44             N    <->   156            N   
45             G    <->   157            G   
46             K    <->   158            E   
47             V    <->   159            E   
48             G    <->   160            A   
49             T    <->   161            N   
50             A    <->   162            V   
51             H    <->   163            V   
52             I    <->   164            I   
53             I    <->   165            A   
54             Y    <->   166            F   
55             N    <->   167            N   
56             S    <->   168            A   
57             V    <->   169            A   
58             D    <->   170            T   
59             K    <->   171            N   
60             R    <->   172            V   
61             L    <->   173            L   
62             S    <->   174            T   
63             A    <->   175            V   
64             V    <->   176            S   
65             V    <->   177            L   
66             S    <->   178            T   
67             Y    <->   179            Y   
68             P    <->   180            P   
69             N    <->   181            N   
70             A    <->   188            V   
71             D    <->   189            T   
72             S    <->   190            S   
73             A    <->   191            Y   
74             T    <->   192            T   
75             V    <->   193            L   
76             S    <->   194            S   
77             Y    <->   195            D   
78             D    <->   196            V   
79             V    <->   197            V   
80             D    <->   198            S   
81             L    <->   199            L   
82             D    <->   200            K   
83             N    <->   201            D   
84             V    <->   202            V   
85             L    <->   203            V   
86             P    <->   204            P   
87             E    <->   205            E   
88             W    <->   206            W   
89             V    <->   207            V   
90             R    <->   208            R   
91             V    <->   209            I   
92             G    <->   210            G   
93             L    <->   211            F   
94             S    <->   212            S   
95             A    <->   213            A   
96             S    <->   214            T   
97             T    <->   215            T   
98             G    <->   216            G   
99             L    <->   217            A   
100            Y    <->   218            E   
101            K    <->   219            Y   
102            E    <->   220            A   
103            T    <->   221            A   
104            N    <->   222            H   
105            T    <->   223            E   
106            I    <->   224            V   
107            L    <->   225            L   
108            S    <->   226            S   
109            W    <->   227            W   
110            S    <->   228            S   
111            F    <->   229            F   
112            T    <->   230            H   
113            S    <->   231            S   
114            K    <->   232            E   
115            L    <->   233            L   
116            K    <->   93             K   
118            N    <->   132            N   
119            S    <->   131            S   
120            T    <->   113            T   
121            H    <->   109            Y   
122            E    <->   108            E   
123            T    <->   112            T   
124            N    <->   110            D   
125            A    <->   107            A   
126            L    <->   94             P   
128            F    <->   6              F   
129            M    <->   7              L   
130            F    <->   104            F   
131            N    <->   105            N   
132            Q    <->   95             Q   
133            F    <->   11             F   
134            S    <->   12             S   
135            K    <->   111            K   
136            D    <->   14             D   
137            Q    <->   15             Q   
138            K    <->   16             Q   
139            D    <->   17             N   
140            L    <->   18             L   
141            I    <->   19             I   
142            L    <->   20             F   
143            Q    <->   21             Q   
144            G    <->   22             G   
145            D    <->   23             D   
146            A    <->   24             G   
147            T    <->   25             Y   
148            T    <->   26             T   
149            G    <->   27             T   
151            D    <->   28             K   
152            G    <->   29             E   
153            N    <->   30             K   
154            L    <->   31             L   
155            E    <->   32             T   
156            L    <->   33             L   
157            T    <->   34             T   
158            R    <->   35             K   
159            V    <->   36             A   
161            S    <->   106            S   
163            G    <->   99             G   
164            S    <->   77             Y   
165            P    <->   56             E   
166            Q    <->   37             V   
167            G    <->   38             K   
168            S    <->   39             N   
169            S    <->   40             T   
170            V    <->   41             V   
171            G    <->   42             G   
172            R    <->   43             R   
173            A    <->   44             A   
174            L    <->   45             L   
175            F    <->   46             Y   
176            Y    <->   47             S   
177            A    <->   48             S   
178            P    <->   49             P   
179            V    <->   50             I   
180            H    <->   51             H   
181            I    <->   52             I   
182            W    <->   53             W   
183            E    <->   54             D   
184            S    <->   55             R   
185            S    <->   57             T   
186            A    <->   58             G   
187            V    <->   59             N   
188            V    <->   60             V   
189            A    <->   61             A   
190            S    <->   62             N   
191            F    <->   63             F   
192            E    <->   64             V   
193            A    <->   65             T   
194            T    <->   66             S   
195            F    <->   67             F   
196            T    <->   68             T   
197            F    <->   69             F   
198            L    <->   70             V   
199            I    <->   71             I   
200            K    <->   72             N   
201            S    <->   73             A   
202            P    <->   74             P   
203            D    <->   75             N   
204            S    <->   76             S   
205            H    <->   78             N   
206            P    <->   79             V   
207            A    <->   80             A   
208            D    <->   81             D   
209            G    <->   82             G   
210            I    <->   83             F   
211            A    <->   84             T   
212            F    <->   85             F   
213            F    <->   86             F   
214            I    <->   87             I   
215            S    <->   88             A   
216            N    <->   89             P   
217            I    <->   90             V   
218            D    <->   91             D   
219            S    <->   92             T   
220            S    <->   5              S   
221            I    <->   8              I   
223            S    <->   13             P   
224            G    <->   97             G   
225            S    <->   96             T   
226            T    <->   4              T   
227            G    <->   98             G   
228            R    <->   10             K   
229            L    <->   100            Y   
230            L    <->   101            L   
231            G    <->   102            G   
232            L    <->   103            V   
234            P    <->   9              T   
235            D    <->   2              E   
236            A    <->   3              T   
237            N    <->   1              T   
---------------------------------------------

STEP 7: Filtering alignment...
  - Raw alignment pairs: 228
  - After isolation filter: 204 pairs
  - After overlap resolver: 194 pairs

--- Final Summary ---
  Final number of aligned pairs: 194
  Sequence Identity of final pairs: 45.88%

--- Final Aligned Pairs ---
SeqA PDB Num   AA   <->   SeqB PDB Num   AA  
---------------------------------------------
4              I    <->   115            T   
5              V    <->   116            V   
6              A    <->   117            A   
7              V    <->   118            V   
8              E    <->   119            E   
9              L    <->   120            F   
10             D    <->   121            D   
11             T    <->   122            T   
12             Y    <->   123            F   
13             P    <->   124            Y   
14             N    <->   125            N   
15             T    <->   126            A   
16             D    <->   127            A   
17             I    <->   128            W   
20             P    <->   130            P   
22             Y    <->   134            D   
23             P    <->   135            R   
24             H    <->   136            H   
25             I    <->   137            I   
26             G    <->   138            G   
27             I    <->   139            I   
28             D    <->   140            D   
29             I    <->   141            V   
30             K    <->   142            N   
31             S    <->   143            S   
32             V    <->   144            I   
33             R    <->   145            K   
34             S    <->   146            S   
35             K    <->   147            V   
36             K    <->   148            N   
37             T    <->   149            T   
38             A    <->   150            K   
39             K    <->   151            S   
40             W    <->   152            W   
41             N    <->   153            K   
42             M    <->   154            L   
43             Q    <->   155            Q   
44             N    <->   156            N   
45             G    <->   157            G   
46             K    <->   158            E   
47             V    <->   159            E   
48             G    <->   160            A   
49             T    <->   161            N   
50             A    <->   162            V   
51             H    <->   163            V   
52             I    <->   164            I   
53             I    <->   165            A   
54             Y    <->   166            F   
55             N    <->   167            N   
56             S    <->   168            A   
57             V    <->   169            A   
58             D    <->   170            T   
59             K    <->   171            N   
60             R    <->   172            V   
61             L    <->   173            L   
62             S    <->   174            T   
63             A    <->   175            V   
64             V    <->   176            S   
65             V    <->   177            L   
66             S    <->   178            T   
67             Y    <->   179            Y   
68             P    <->   180            P   
69             N    <->   181            N   
70             A    <->   188            V   
71             D    <->   189            T   
72             S    <->   190            S   
73             A    <->   191            Y   
74             T    <->   192            T   
75             V    <->   193            L   
76             S    <->   194            S   
77             Y    <->   195            D   
78             D    <->   196            V   
79             V    <->   197            V   
80             D    <->   198            S   
81             L    <->   199            L   
82             D    <->   200            K   
83             N    <->   201            D   
84             V    <->   202            V   
85             L    <->   203            V   
86             P    <->   204            P   
87             E    <->   205            E   
88             W    <->   206            W   
89             V    <->   207            V   
90             R    <->   208            R   
91             V    <->   209            I   
92             G    <->   210            G   
93             L    <->   211            F   
94             S    <->   212            S   
95             A    <->   213            A   
96             S    <->   214            T   
97             T    <->   215            T   
98             G    <->   216            G   
99             L    <->   217            A   
100            Y    <->   218            E   
101            K    <->   219            Y   
102            E    <->   220            A   
103            T    <->   221            A   
104            N    <->   222            H   
105            T    <->   223            E   
106            I    <->   224            V   
107            L    <->   225            L   
108            S    <->   226            S   
109            W    <->   227            W   
110            S    <->   228            S   
111            F    <->   229            F   
112            T    <->   230            H   
113            S    <->   231            S   
114            K    <->   232            E   
124            N    <->   110            D   
125            A    <->   107            A   
126            L    <->   94             P   
129            M    <->   7              L   
134            S    <->   12             S   
137            Q    <->   15             Q   
138            K    <->   16             Q   
139            D    <->   17             N   
140            L    <->   18             L   
141            I    <->   19             I   
142            L    <->   20             F   
143            Q    <->   21             Q   
144            G    <->   22             G   
145            D    <->   23             D   
146            A    <->   24             G   
147            T    <->   25             Y   
148            T    <->   26             T   
149            G    <->   27             T   
151            D    <->   28             K   
152            G    <->   29             E   
153            N    <->   30             K   
154            L    <->   31             L   
155            E    <->   32             T   
156            L    <->   33             L   
157            T    <->   34             T   
158            R    <->   35             K   
159            V    <->   36             A   
163            G    <->   99             G   
167            G    <->   38             K   
168            S    <->   39             N   
169            S    <->   40             T   
170            V    <->   41             V   
171            G    <->   42             G   
172            R    <->   43             R   
173            A    <->   44             A   
174            L    <->   45             L   
175            F    <->   46             Y   
176            Y    <->   47             S   
177            A    <->   48             S   
178            P    <->   49             P   
179            V    <->   50             I   
180            H    <->   51             H   
181            I    <->   52             I   
182            W    <->   53             W   
183            E    <->   54             D   
184            S    <->   55             R   
185            S    <->   57             T   
186            A    <->   58             G   
187            V    <->   59             N   
188            V    <->   60             V   
189            A    <->   61             A   
190            S    <->   62             N   
191            F    <->   63             F   
192            E    <->   64             V   
193            A    <->   65             T   
194            T    <->   66             S   
195            F    <->   67             F   
196            T    <->   68             T   
197            F    <->   69             F   
198            L    <->   70             V   
199            I    <->   71             I   
200            K    <->   72             N   
201            S    <->   73             A   
202            P    <->   74             P   
203            D    <->   75             N   
204            S    <->   76             S   
205            H    <->   78             N   
206            P    <->   79             V   
207            A    <->   80             A   
208            D    <->   81             D   
209            G    <->   82             G   
210            I    <->   83             F   
211            A    <->   84             T   
212            F    <->   85             F   
213            F    <->   86             F   
214            I    <->   87             I   
215            S    <->   88             A   
216            N    <->   89             P   
217            I    <->   90             V   
218            D    <->   91             D   
221            I    <->   8              I   
223            S    <->   13             P   
225            S    <->   96             T   
229            L    <->   100            Y   
230            L    <->   101            L   
231            G    <->   102            G   
---------------------------------------------

🎉 UniAlign-V6 process finished successfully!
